<?xml version="1.0" encoding="UTF-8"?>
<!-- Generated by org.testng.reporters.JUnitReportReporter -->
<testsuite hostname="Bhargav" failures="0" tests="1" name="comm.test.MouseHovering" time="5.207" errors="0" timestamp="2025-10-06T17:21:36 IST" skipped="0">
  <testcase classname="comm.test.MouseHovering" name="Hovering" time="5.207"/>
</testsuite> <!-- comm.test.MouseHovering -->
